0 info it worked if it ends with ok
1 verbose cli [ 'node', '/usr/local/bin/npm', 'install' ]
2 info using npm@1.4.28
3 info using node@v0.10.33
4 warn package.json todo@1.0.0 No repository field.
5 warn package.json todo@1.0.0 No README data
6 verbose readDependencies using package.json deps
7 verbose install where, deps [ '/Users/jvazquez/Documents/todo',
7 verbose install   [ 'gulp',
7 verbose install     'gulp-sass',
7 verbose install     'gulp-concat',
7 verbose install     'gulp-minify-css',
7 verbose install     'gulp-rename',
7 verbose install     'bower',
7 verbose install     'gulp-util',
7 verbose install     'shelljs' ] ]
8 info preinstall todo@1.0.0
9 verbose readDependencies using package.json deps
10 verbose cache add [ 'gulp@^3.5.6', null ]
11 verbose cache add name=undefined spec="gulp@^3.5.6" args=["gulp@^3.5.6",null]
12 verbose parsed url { protocol: null,
12 verbose parsed url   slashes: null,
12 verbose parsed url   auth: null,
12 verbose parsed url   host: null,
12 verbose parsed url   port: null,
12 verbose parsed url   hostname: null,
12 verbose parsed url   hash: null,
12 verbose parsed url   search: null,
12 verbose parsed url   query: null,
12 verbose parsed url   pathname: 'gulp@^3.5.6',
12 verbose parsed url   path: 'gulp@^3.5.6',
12 verbose parsed url   href: 'gulp@^3.5.6' }
13 verbose cache add [ 'gulp-sass@^0.7.1', null ]
14 verbose cache add name=undefined spec="gulp-sass@^0.7.1" args=["gulp-sass@^0.7.1",null]
15 verbose parsed url { protocol: null,
15 verbose parsed url   slashes: null,
15 verbose parsed url   auth: null,
15 verbose parsed url   host: null,
15 verbose parsed url   port: null,
15 verbose parsed url   hostname: null,
15 verbose parsed url   hash: null,
15 verbose parsed url   search: null,
15 verbose parsed url   query: null,
15 verbose parsed url   pathname: 'gulp-sass@^0.7.1',
15 verbose parsed url   path: 'gulp-sass@^0.7.1',
15 verbose parsed url   href: 'gulp-sass@^0.7.1' }
16 verbose cache add name="gulp" spec="^3.5.6" args=["gulp","^3.5.6"]
17 verbose parsed url { protocol: null,
17 verbose parsed url   slashes: null,
17 verbose parsed url   auth: null,
17 verbose parsed url   host: null,
17 verbose parsed url   port: null,
17 verbose parsed url   hostname: null,
17 verbose parsed url   hash: null,
17 verbose parsed url   search: null,
17 verbose parsed url   query: null,
17 verbose parsed url   pathname: '^3.5.6',
17 verbose parsed url   path: '^3.5.6',
17 verbose parsed url   href: '^3.5.6' }
18 verbose addNamed [ 'gulp', '^3.5.6' ]
19 verbose addNamed [ null, '>=3.5.6-0 <4.0.0-0' ]
20 verbose cache add [ 'gulp-concat@^2.2.0', null ]
21 verbose cache add name=undefined spec="gulp-concat@^2.2.0" args=["gulp-concat@^2.2.0",null]
22 verbose parsed url { protocol: null,
22 verbose parsed url   slashes: null,
22 verbose parsed url   auth: null,
22 verbose parsed url   host: null,
22 verbose parsed url   port: null,
22 verbose parsed url   hostname: null,
22 verbose parsed url   hash: null,
22 verbose parsed url   search: null,
22 verbose parsed url   query: null,
22 verbose parsed url   pathname: 'gulp-concat@^2.2.0',
22 verbose parsed url   path: 'gulp-concat@^2.2.0',
22 verbose parsed url   href: 'gulp-concat@^2.2.0' }
23 verbose cache add [ 'gulp-minify-css@^0.3.0', null ]
24 verbose cache add name=undefined spec="gulp-minify-css@^0.3.0" args=["gulp-minify-css@^0.3.0",null]
25 verbose parsed url { protocol: null,
25 verbose parsed url   slashes: null,
25 verbose parsed url   auth: null,
25 verbose parsed url   host: null,
25 verbose parsed url   port: null,
25 verbose parsed url   hostname: null,
25 verbose parsed url   hash: null,
25 verbose parsed url   search: null,
25 verbose parsed url   query: null,
25 verbose parsed url   pathname: 'gulp-minify-css@^0.3.0',
25 verbose parsed url   path: 'gulp-minify-css@^0.3.0',
25 verbose parsed url   href: 'gulp-minify-css@^0.3.0' }
26 verbose cache add name="gulp-sass" spec="^0.7.1" args=["gulp-sass","^0.7.1"]
27 verbose parsed url { protocol: null,
27 verbose parsed url   slashes: null,
27 verbose parsed url   auth: null,
27 verbose parsed url   host: null,
27 verbose parsed url   port: null,
27 verbose parsed url   hostname: null,
27 verbose parsed url   hash: null,
27 verbose parsed url   search: null,
27 verbose parsed url   query: null,
27 verbose parsed url   pathname: '^0.7.1',
27 verbose parsed url   path: '^0.7.1',
27 verbose parsed url   href: '^0.7.1' }
28 verbose addNamed [ 'gulp-sass', '^0.7.1' ]
29 verbose addNamed [ null, '>=0.7.1-0 <0.8.0-0' ]
30 silly lockFile 28ac0b1b-gulp-3-5-6 gulp@^3.5.6
31 verbose lock gulp@^3.5.6 /Users/jvazquez/.npm/28ac0b1b-gulp-3-5-6.lock
32 silly lockFile 77100620-gulp-sass-0-7-1 gulp-sass@^0.7.1
33 verbose lock gulp-sass@^0.7.1 /Users/jvazquez/.npm/77100620-gulp-sass-0-7-1.lock
34 verbose cache add name="gulp-concat" spec="^2.2.0" args=["gulp-concat","^2.2.0"]
35 verbose parsed url { protocol: null,
35 verbose parsed url   slashes: null,
35 verbose parsed url   auth: null,
35 verbose parsed url   host: null,
35 verbose parsed url   port: null,
35 verbose parsed url   hostname: null,
35 verbose parsed url   hash: null,
35 verbose parsed url   search: null,
35 verbose parsed url   query: null,
35 verbose parsed url   pathname: '^2.2.0',
35 verbose parsed url   path: '^2.2.0',
35 verbose parsed url   href: '^2.2.0' }
36 verbose addNamed [ 'gulp-concat', '^2.2.0' ]
37 verbose addNamed [ null, '>=2.2.0-0 <3.0.0-0' ]
38 silly lockFile bade1119-gulp-concat-2-2-0 gulp-concat@^2.2.0
39 verbose lock gulp-concat@^2.2.0 /Users/jvazquez/.npm/bade1119-gulp-concat-2-2-0.lock
40 verbose cache add [ 'gulp-rename@^1.2.0', null ]
41 verbose cache add name=undefined spec="gulp-rename@^1.2.0" args=["gulp-rename@^1.2.0",null]
42 verbose parsed url { protocol: null,
42 verbose parsed url   slashes: null,
42 verbose parsed url   auth: null,
42 verbose parsed url   host: null,
42 verbose parsed url   port: null,
42 verbose parsed url   hostname: null,
42 verbose parsed url   hash: null,
42 verbose parsed url   search: null,
42 verbose parsed url   query: null,
42 verbose parsed url   pathname: 'gulp-rename@^1.2.0',
42 verbose parsed url   path: 'gulp-rename@^1.2.0',
42 verbose parsed url   href: 'gulp-rename@^1.2.0' }
43 verbose cache add name="gulp-minify-css" spec="^0.3.0" args=["gulp-minify-css","^0.3.0"]
44 verbose parsed url { protocol: null,
44 verbose parsed url   slashes: null,
44 verbose parsed url   auth: null,
44 verbose parsed url   host: null,
44 verbose parsed url   port: null,
44 verbose parsed url   hostname: null,
44 verbose parsed url   hash: null,
44 verbose parsed url   search: null,
44 verbose parsed url   query: null,
44 verbose parsed url   pathname: '^0.3.0',
44 verbose parsed url   path: '^0.3.0',
44 verbose parsed url   href: '^0.3.0' }
45 verbose addNamed [ 'gulp-minify-css', '^0.3.0' ]
46 verbose addNamed [ null, '>=0.3.0-0 <0.4.0-0' ]
47 silly lockFile 97140670-gulp-minify-css-0-3-0 gulp-minify-css@^0.3.0
48 verbose lock gulp-minify-css@^0.3.0 /Users/jvazquez/.npm/97140670-gulp-minify-css-0-3-0.lock
49 verbose cache add [ 'bower@^1.3.3', null ]
50 verbose cache add name=undefined spec="bower@^1.3.3" args=["bower@^1.3.3",null]
51 verbose parsed url { protocol: null,
51 verbose parsed url   slashes: null,
51 verbose parsed url   auth: null,
51 verbose parsed url   host: null,
51 verbose parsed url   port: null,
51 verbose parsed url   hostname: null,
51 verbose parsed url   hash: null,
51 verbose parsed url   search: null,
51 verbose parsed url   query: null,
51 verbose parsed url   pathname: 'bower@^1.3.3',
51 verbose parsed url   path: 'bower@^1.3.3',
51 verbose parsed url   href: 'bower@^1.3.3' }
52 verbose cache add name="gulp-rename" spec="^1.2.0" args=["gulp-rename","^1.2.0"]
53 verbose parsed url { protocol: null,
53 verbose parsed url   slashes: null,
53 verbose parsed url   auth: null,
53 verbose parsed url   host: null,
53 verbose parsed url   port: null,
53 verbose parsed url   hostname: null,
53 verbose parsed url   hash: null,
53 verbose parsed url   search: null,
53 verbose parsed url   query: null,
53 verbose parsed url   pathname: '^1.2.0',
53 verbose parsed url   path: '^1.2.0',
53 verbose parsed url   href: '^1.2.0' }
54 verbose addNamed [ 'gulp-rename', '^1.2.0' ]
55 verbose addNamed [ null, '>=1.2.0-0 <2.0.0-0' ]
56 silly lockFile 31cef36d-gulp-rename-1-2-0 gulp-rename@^1.2.0
57 verbose lock gulp-rename@^1.2.0 /Users/jvazquez/.npm/31cef36d-gulp-rename-1-2-0.lock
58 silly addNameRange { name: 'gulp', range: '>=3.5.6-0 <4.0.0-0', hasData: false }
59 silly addNameRange { name: 'gulp-sass',
59 silly addNameRange   range: '>=0.7.1-0 <0.8.0-0',
59 silly addNameRange   hasData: false }
60 silly addNameRange { name: 'gulp-concat',
60 silly addNameRange   range: '>=2.2.0-0 <3.0.0-0',
60 silly addNameRange   hasData: false }
61 verbose cache add [ 'gulp-util@^2.2.14', null ]
62 verbose cache add name=undefined spec="gulp-util@^2.2.14" args=["gulp-util@^2.2.14",null]
63 verbose parsed url { protocol: null,
63 verbose parsed url   slashes: null,
63 verbose parsed url   auth: null,
63 verbose parsed url   host: null,
63 verbose parsed url   port: null,
63 verbose parsed url   hostname: null,
63 verbose parsed url   hash: null,
63 verbose parsed url   search: null,
63 verbose parsed url   query: null,
63 verbose parsed url   pathname: 'gulp-util@^2.2.14',
63 verbose parsed url   path: 'gulp-util@^2.2.14',
63 verbose parsed url   href: 'gulp-util@^2.2.14' }
64 verbose cache add [ 'shelljs@^0.3.0', null ]
65 verbose cache add name=undefined spec="shelljs@^0.3.0" args=["shelljs@^0.3.0",null]
66 verbose parsed url { protocol: null,
66 verbose parsed url   slashes: null,
66 verbose parsed url   auth: null,
66 verbose parsed url   host: null,
66 verbose parsed url   port: null,
66 verbose parsed url   hostname: null,
66 verbose parsed url   hash: null,
66 verbose parsed url   search: null,
66 verbose parsed url   query: null,
66 verbose parsed url   pathname: 'shelljs@^0.3.0',
66 verbose parsed url   path: 'shelljs@^0.3.0',
66 verbose parsed url   href: 'shelljs@^0.3.0' }
67 verbose cache add name="bower" spec="^1.3.3" args=["bower","^1.3.3"]
68 verbose parsed url { protocol: null,
68 verbose parsed url   slashes: null,
68 verbose parsed url   auth: null,
68 verbose parsed url   host: null,
68 verbose parsed url   port: null,
68 verbose parsed url   hostname: null,
68 verbose parsed url   hash: null,
68 verbose parsed url   search: null,
68 verbose parsed url   query: null,
68 verbose parsed url   pathname: '^1.3.3',
68 verbose parsed url   path: '^1.3.3',
68 verbose parsed url   href: '^1.3.3' }
69 verbose addNamed [ 'bower', '^1.3.3' ]
70 verbose addNamed [ null, '>=1.3.3-0 <2.0.0-0' ]
71 silly lockFile 0aa5c27e-bower-1-3-3 bower@^1.3.3
72 verbose lock bower@^1.3.3 /Users/jvazquez/.npm/0aa5c27e-bower-1-3-3.lock
73 silly addNameRange { name: 'gulp-minify-css',
73 silly addNameRange   range: '>=0.3.0-0 <0.4.0-0',
73 silly addNameRange   hasData: false }
74 verbose request where is /gulp
75 verbose request registry https://registry.npmjs.org/
76 verbose request id b4c8b27028ff5337
77 verbose url raw /gulp
78 verbose url resolving [ 'https://registry.npmjs.org/', './gulp' ]
79 verbose url resolved https://registry.npmjs.org/gulp
80 verbose request where is https://registry.npmjs.org/gulp
81 info trying registry request attempt 1 at 09:33:29
82 http GET https://registry.npmjs.org/gulp
83 verbose request where is /gulp-sass
84 verbose request registry https://registry.npmjs.org/
85 verbose url raw /gulp-sass
86 verbose url resolving [ 'https://registry.npmjs.org/', './gulp-sass' ]
87 verbose url resolved https://registry.npmjs.org/gulp-sass
88 verbose request where is https://registry.npmjs.org/gulp-sass
89 info trying registry request attempt 1 at 09:33:29
90 http GET https://registry.npmjs.org/gulp-sass
91 verbose request where is /gulp-concat
92 verbose request registry https://registry.npmjs.org/
93 verbose url raw /gulp-concat
94 verbose url resolving [ 'https://registry.npmjs.org/', './gulp-concat' ]
95 verbose url resolved https://registry.npmjs.org/gulp-concat
96 verbose request where is https://registry.npmjs.org/gulp-concat
97 info trying registry request attempt 1 at 09:33:29
98 http GET https://registry.npmjs.org/gulp-concat
99 verbose cache add name="gulp-util" spec="^2.2.14" args=["gulp-util","^2.2.14"]
100 verbose parsed url { protocol: null,
100 verbose parsed url   slashes: null,
100 verbose parsed url   auth: null,
100 verbose parsed url   host: null,
100 verbose parsed url   port: null,
100 verbose parsed url   hostname: null,
100 verbose parsed url   hash: null,
100 verbose parsed url   search: null,
100 verbose parsed url   query: null,
100 verbose parsed url   pathname: '^2.2.14',
100 verbose parsed url   path: '^2.2.14',
100 verbose parsed url   href: '^2.2.14' }
101 verbose addNamed [ 'gulp-util', '^2.2.14' ]
102 verbose addNamed [ null, '>=2.2.14-0 <3.0.0-0' ]
103 silly lockFile e3e5f16b-gulp-util-2-2-14 gulp-util@^2.2.14
104 verbose lock gulp-util@^2.2.14 /Users/jvazquez/.npm/e3e5f16b-gulp-util-2-2-14.lock
105 verbose cache add name="shelljs" spec="^0.3.0" args=["shelljs","^0.3.0"]
106 verbose parsed url { protocol: null,
106 verbose parsed url   slashes: null,
106 verbose parsed url   auth: null,
106 verbose parsed url   host: null,
106 verbose parsed url   port: null,
106 verbose parsed url   hostname: null,
106 verbose parsed url   hash: null,
106 verbose parsed url   search: null,
106 verbose parsed url   query: null,
106 verbose parsed url   pathname: '^0.3.0',
106 verbose parsed url   path: '^0.3.0',
106 verbose parsed url   href: '^0.3.0' }
107 verbose addNamed [ 'shelljs', '^0.3.0' ]
108 verbose addNamed [ null, '>=0.3.0-0 <0.4.0-0' ]
109 silly lockFile 1ddaa962-shelljs-0-3-0 shelljs@^0.3.0
110 verbose lock shelljs@^0.3.0 /Users/jvazquez/.npm/1ddaa962-shelljs-0-3-0.lock
111 silly addNameRange { name: 'gulp-rename',
111 silly addNameRange   range: '>=1.2.0-0 <2.0.0-0',
111 silly addNameRange   hasData: false }
112 verbose request where is /gulp-minify-css
113 verbose request registry https://registry.npmjs.org/
114 verbose url raw /gulp-minify-css
115 verbose url resolving [ 'https://registry.npmjs.org/', './gulp-minify-css' ]
116 verbose url resolved https://registry.npmjs.org/gulp-minify-css
117 verbose request where is https://registry.npmjs.org/gulp-minify-css
118 info trying registry request attempt 1 at 09:33:29
119 http GET https://registry.npmjs.org/gulp-minify-css
120 silly addNameRange { name: 'bower', range: '>=1.3.3-0 <2.0.0-0', hasData: false }
121 silly addNameRange { name: 'gulp-util',
121 silly addNameRange   range: '>=2.2.14-0 <3.0.0-0',
121 silly addNameRange   hasData: false }
122 silly addNameRange { name: 'shelljs', range: '>=0.3.0-0 <0.4.0-0', hasData: false }
123 verbose request where is /gulp-util
124 verbose request registry https://registry.npmjs.org/
125 verbose url raw /gulp-util
126 verbose url resolving [ 'https://registry.npmjs.org/', './gulp-util' ]
127 verbose url resolved https://registry.npmjs.org/gulp-util
128 verbose request where is https://registry.npmjs.org/gulp-util
129 info trying registry request attempt 1 at 09:33:29
130 http GET https://registry.npmjs.org/gulp-util
131 verbose request where is /bower
132 verbose request registry https://registry.npmjs.org/
133 verbose url raw /bower
134 verbose url resolving [ 'https://registry.npmjs.org/', './bower' ]
135 verbose url resolved https://registry.npmjs.org/bower
136 verbose request where is https://registry.npmjs.org/bower
137 info trying registry request attempt 1 at 09:33:29
138 verbose etag "BM4XOUYLXN0EGW9Q6SWUA1ZLW"
139 http GET https://registry.npmjs.org/bower
140 verbose request where is /shelljs
141 verbose request registry https://registry.npmjs.org/
142 verbose url raw /shelljs
143 verbose url resolving [ 'https://registry.npmjs.org/', './shelljs' ]
144 verbose url resolved https://registry.npmjs.org/shelljs
145 verbose request where is https://registry.npmjs.org/shelljs
146 info trying registry request attempt 1 at 09:33:29
147 verbose etag "3USLV7LWLZIN3QM2VB75RERYU"
148 http GET https://registry.npmjs.org/shelljs
149 verbose request where is /gulp-rename
150 verbose request registry https://registry.npmjs.org/
151 verbose url raw /gulp-rename
152 verbose url resolving [ 'https://registry.npmjs.org/', './gulp-rename' ]
153 verbose url resolved https://registry.npmjs.org/gulp-rename
154 verbose request where is https://registry.npmjs.org/gulp-rename
155 info trying registry request attempt 1 at 09:33:29
156 verbose etag "5KMQD77HZ0X3HHVQIDTRDV6BF"
157 http GET https://registry.npmjs.org/gulp-rename
158 http 200 https://registry.npmjs.org/gulp-minify-css
159 silly registry.get cb [ 200,
159 silly registry.get   { date: 'Mon, 26 Jan 2015 14:33:29 GMT',
159 silly registry.get     server: 'CouchDB/1.5.0 (Erlang OTP/R16B03)',
159 silly registry.get     etag: '"BYOF22X27Q1OPCOP4AYYP6PVN"',
159 silly registry.get     'content-type': 'application/json',
159 silly registry.get     'cache-control': 'max-age=60',
159 silly registry.get     'content-length': '30823',
159 silly registry.get     'accept-ranges': 'bytes',
159 silly registry.get     via: '1.1 varnish',
159 silly registry.get     age: '0',
159 silly registry.get     'x-served-by': 'cache-iad2144-IAD',
159 silly registry.get     'x-cache': 'HIT',
159 silly registry.get     'x-cache-hits': '1',
159 silly registry.get     'x-timer': 'S1422282809.940070,VS0,VE9',
159 silly registry.get     vary: 'Accept',
159 silly registry.get     'keep-alive': 'timeout=10, max=50',
159 silly registry.get     connection: 'Keep-Alive' } ]
160 silly addNameRange number 2 { name: 'gulp-minify-css',
160 silly addNameRange   range: '>=0.3.0-0 <0.4.0-0',
160 silly addNameRange   hasData: true }
161 silly addNameRange versions [ 'gulp-minify-css',
161 silly addNameRange   [ '0.0.1',
161 silly addNameRange     '0.1.0',
161 silly addNameRange     '0.2.0',
161 silly addNameRange     '0.3.0',
161 silly addNameRange     '0.3.1',
161 silly addNameRange     '0.3.2',
161 silly addNameRange     '0.3.3',
161 silly addNameRange     '0.3.4',
161 silly addNameRange     '0.3.5',
161 silly addNameRange     '0.3.6',
161 silly addNameRange     '0.3.7',
161 silly addNameRange     '0.3.8',
161 silly addNameRange     '0.3.9',
161 silly addNameRange     '0.3.10',
161 silly addNameRange     '0.3.11',
161 silly addNameRange     '0.3.12',
161 silly addNameRange     '0.3.13',
161 silly addNameRange     '0.4.0',
161 silly addNameRange     '0.4.1',
161 silly addNameRange     '0.4.2' ] ]
162 verbose addNamed [ 'gulp-minify-css', '0.3.13' ]
163 verbose addNamed [ '0.3.13', '0.3.13' ]
164 silly lockFile 9038a954-gulp-minify-css-0-3-13 gulp-minify-css@0.3.13
165 verbose lock gulp-minify-css@0.3.13 /Users/jvazquez/.npm/9038a954-gulp-minify-css-0-3-13.lock
166 silly lockFile 8781e9f5-y-css-gulp-minify-css-0-3-13-tgz https://registry.npmjs.org/gulp-minify-css/-/gulp-minify-css-0.3.13.tgz
167 verbose lock https://registry.npmjs.org/gulp-minify-css/-/gulp-minify-css-0.3.13.tgz /Users/jvazquez/.npm/8781e9f5-y-css-gulp-minify-css-0-3-13-tgz.lock
168 verbose addRemoteTarball [ 'https://registry.npmjs.org/gulp-minify-css/-/gulp-minify-css-0.3.13.tgz',
168 verbose addRemoteTarball   'ba813c665422868305383ccd185f239c1e35209b' ]
169 info retry fetch attempt 1 at 09:33:29
170 verbose fetch to= /var/folders/86/6qdsts311_lgkwpftmxydbd80000gq/T/npm-15975-lYp5WG3K/registry.npmjs.org/gulp-minify-css/-/gulp-minify-css-0.3.13.tgz
171 http GET https://registry.npmjs.org/gulp-minify-css/-/gulp-minify-css-0.3.13.tgz
172 http 200 https://registry.npmjs.org/gulp-util
173 silly registry.get cb [ 200,
173 silly registry.get   { date: 'Mon, 26 Jan 2015 14:33:29 GMT',
173 silly registry.get     server: 'CouchDB/1.5.0 (Erlang OTP/R16B03)',
173 silly registry.get     etag: '"8JPEL7UFC8OUQR9F47A57UM76"',
173 silly registry.get     'content-type': 'application/json',
173 silly registry.get     'cache-control': 'max-age=60',
173 silly registry.get     'content-length': '51597',
173 silly registry.get     'accept-ranges': 'bytes',
173 silly registry.get     via: '1.1 varnish',
173 silly registry.get     age: '55',
173 silly registry.get     'x-served-by': 'cache-iad2126-IAD',
173 silly registry.get     'x-cache': 'HIT',
173 silly registry.get     'x-cache-hits': '1',
173 silly registry.get     'x-timer': 'S1422282809.940559,VS0,VE0',
173 silly registry.get     vary: 'Accept',
173 silly registry.get     'keep-alive': 'timeout=10, max=50',
173 silly registry.get     connection: 'Keep-Alive' } ]
174 silly addNameRange number 2 { name: 'gulp-util',
174 silly addNameRange   range: '>=2.2.14-0 <3.0.0-0',
174 silly addNameRange   hasData: true }
175 silly addNameRange versions [ 'gulp-util',
175 silly addNameRange   [ '0.0.1',
175 silly addNameRange     '1.0.0',
175 silly addNameRange     '1.1.0',
175 silly addNameRange     '1.1.1',
175 silly addNameRange     '1.2.0',
175 silly addNameRange     '1.3.0',
175 silly addNameRange     '2.0.0',
175 silly addNameRange     '2.1.1',
175 silly addNameRange     '2.1.2',
175 silly addNameRange     '2.1.3',
175 silly addNameRange     '2.1.4',
175 silly addNameRange     '2.2.0',
175 silly addNameRange     '2.2.1',
175 silly addNameRange     '2.2.2',
175 silly addNameRange     '2.2.3',
175 silly addNameRange     '2.2.5',
175 silly addNameRange     '2.2.6',
175 silly addNameRange     '2.2.7',
175 silly addNameRange     '2.2.8',
175 silly addNameRange     '2.2.9',
175 silly addNameRange     '2.2.10',
175 silly addNameRange     '2.2.11',
175 silly addNameRange     '2.2.12',
175 silly addNameRange     '2.2.13',
175 silly addNameRange     '2.2.14',
175 silly addNameRange     '2.2.15',
175 silly addNameRange     '2.2.16',
175 silly addNameRange     '2.2.17',
175 silly addNameRange     '2.2.18',
175 silly addNameRange     '2.2.19',
175 silly addNameRange     '2.2.20',
175 silly addNameRange     '3.0.0',
175 silly addNameRange     '3.0.1',
175 silly addNameRange     '3.0.2' ] ]
176 verbose addNamed [ 'gulp-util', '2.2.20' ]
177 verbose addNamed [ '2.2.20', '2.2.20' ]
178 silly lockFile 48c194cb-gulp-util-2-2-20 gulp-util@2.2.20
179 verbose lock gulp-util@2.2.20 /Users/jvazquez/.npm/48c194cb-gulp-util-2-2-20.lock
180 silly lockFile 34166e88-g-gulp-util-gulp-util-2-2-20-tgz https://registry.npmjs.org/gulp-util/-/gulp-util-2.2.20.tgz
181 verbose lock https://registry.npmjs.org/gulp-util/-/gulp-util-2.2.20.tgz /Users/jvazquez/.npm/34166e88-g-gulp-util-gulp-util-2-2-20-tgz.lock
182 verbose addRemoteTarball [ 'https://registry.npmjs.org/gulp-util/-/gulp-util-2.2.20.tgz',
182 verbose addRemoteTarball   'd7146e5728910bd8f047a6b0b1e549bc22dbd64c' ]
183 info retry fetch attempt 1 at 09:33:29
184 verbose fetch to= /var/folders/86/6qdsts311_lgkwpftmxydbd80000gq/T/npm-15975-lYp5WG3K/registry.npmjs.org/gulp-util/-/gulp-util-2.2.20.tgz
185 http GET https://registry.npmjs.org/gulp-util/-/gulp-util-2.2.20.tgz
186 http 200 https://registry.npmjs.org/gulp
187 silly registry.get cb [ 200,
187 silly registry.get   { date: 'Mon, 26 Jan 2015 14:33:29 GMT',
187 silly registry.get     server: 'CouchDB/1.5.0 (Erlang OTP/R14B04)',
187 silly registry.get     etag: '"3NO4SGC0RIBLWYXEF62HKSKRA"',
187 silly registry.get     'content-type': 'application/json',
187 silly registry.get     'cache-control': 'max-age=60',
187 silly registry.get     'content-length': '97140',
187 silly registry.get     'accept-ranges': 'bytes',
187 silly registry.get     via: '1.1 varnish',
187 silly registry.get     age: '2',
187 silly registry.get     'x-served-by': 'cache-iad2146-IAD',
187 silly registry.get     'x-cache': 'HIT',
187 silly registry.get     'x-cache-hits': '1',
187 silly registry.get     'x-timer': 'S1422282809.940935,VS0,VE0',
187 silly registry.get     vary: 'Accept',
187 silly registry.get     'keep-alive': 'timeout=10, max=50',
187 silly registry.get     connection: 'Keep-Alive' } ]
188 http 200 https://registry.npmjs.org/gulp-concat
189 silly registry.get cb [ 200,
189 silly registry.get   { date: 'Mon, 26 Jan 2015 14:33:30 GMT',
189 silly registry.get     server: 'CouchDB/1.5.0 (Erlang OTP/R16B03)',
189 silly registry.get     etag: '"EDFN887WGY8O0UZSW9HMPC3PB"',
189 silly registry.get     'content-type': 'application/json',
189 silly registry.get     'cache-control': 'max-age=60',
189 silly registry.get     'content-length': '30381',
189 silly registry.get     'accept-ranges': 'bytes',
189 silly registry.get     via: '1.1 varnish',
189 silly registry.get     age: '0',
189 silly registry.get     'x-served-by': 'cache-iad2124-IAD',
189 silly registry.get     'x-cache': 'HIT',
189 silly registry.get     'x-cache-hits': '1',
189 silly registry.get     'x-timer': 'S1422282809.939089,VS0,VE82',
189 silly registry.get     vary: 'Accept',
189 silly registry.get     'keep-alive': 'timeout=10, max=50',
189 silly registry.get     connection: 'Keep-Alive' } ]
190 http 200 https://registry.npmjs.org/gulp-sass
191 silly registry.get cb [ 200,
191 silly registry.get   { date: 'Mon, 26 Jan 2015 14:33:30 GMT',
191 silly registry.get     server: 'CouchDB/1.5.0 (Erlang OTP/R16B03)',
191 silly registry.get     etag: '"19ZC76K59LG02WHPIO6YK2HT5"',
191 silly registry.get     'content-type': 'application/json',
191 silly registry.get     'cache-control': 'max-age=60',
191 silly registry.get     'content-length': '30607',
191 silly registry.get     'accept-ranges': 'bytes',
191 silly registry.get     via: '1.1 varnish',
191 silly registry.get     age: '0',
191 silly registry.get     'x-served-by': 'cache-iad2126-IAD',
191 silly registry.get     'x-cache': 'HIT',
191 silly registry.get     'x-cache-hits': '1',
191 silly registry.get     'x-timer': 'S1422282809.937524,VS0,VE83',
191 silly registry.get     vary: 'Accept',
191 silly registry.get     'keep-alive': 'timeout=10, max=50',
191 silly registry.get     connection: 'Keep-Alive' } ]
192 http 304 https://registry.npmjs.org/shelljs
193 silly registry.get cb [ 304,
193 silly registry.get   { date: 'Mon, 26 Jan 2015 14:33:30 GMT',
193 silly registry.get     server: 'Apache',
193 silly registry.get     via: '1.1 varnish',
193 silly registry.get     'last-modified': 'Mon, 26 Jan 2015 14:33:30 GMT',
193 silly registry.get     'cache-control': 'max-age=60',
193 silly registry.get     etag: '"3USLV7LWLZIN3QM2VB75RERYU"',
193 silly registry.get     age: '22',
193 silly registry.get     'x-served-by': 'cache-iad2126-IAD',
193 silly registry.get     'x-cache': 'HIT',
193 silly registry.get     'x-cache-hits': '1',
193 silly registry.get     'x-timer': 'S1422282810.059523,VS0,VE0',
193 silly registry.get     vary: 'Accept',
193 silly registry.get     'content-length': '0',
193 silly registry.get     'keep-alive': 'timeout=10, max=49',
193 silly registry.get     connection: 'Keep-Alive' } ]
194 verbose etag https://registry.npmjs.org/shelljs from cache
195 silly addNameRange number 2 { name: 'gulp', range: '>=3.5.6-0 <4.0.0-0', hasData: true }
196 silly addNameRange versions [ 'gulp',
196 silly addNameRange   [ '0.0.1',
196 silly addNameRange     '0.0.2',
196 silly addNameRange     '0.0.3',
196 silly addNameRange     '0.0.4',
196 silly addNameRange     '0.0.5',
196 silly addNameRange     '0.0.7',
196 silly addNameRange     '0.0.8',
196 silly addNameRange     '0.0.9',
196 silly addNameRange     '0.1.0',
196 silly addNameRange     '0.2.0',
196 silly addNameRange     '1.0.0',
196 silly addNameRange     '1.1.0',
196 silly addNameRange     '1.2.0',
196 silly addNameRange     '1.2.1',
196 silly addNameRange     '2.0.0',
196 silly addNameRange     '2.0.1',
196 silly addNameRange     '2.1.0',
196 silly addNameRange     '2.2.0',
196 silly addNameRange     '2.3.0',
196 silly addNameRange     '2.4.0',
196 silly addNameRange     '2.4.1',
196 silly addNameRange     '2.6.0',
196 silly addNameRange     '2.6.1',
196 silly addNameRange     '2.7.0',
196 silly addNameRange     '3.0.0',
196 silly addNameRange     '3.1.1',
196 silly addNameRange     '3.1.2',
196 silly addNameRange     '3.1.3',
196 silly addNameRange     '3.1.4',
196 silly addNameRange     '3.2.0',
196 silly addNameRange     '3.2.1',
196 silly addNameRange     '3.2.2',
196 silly addNameRange     '3.2.3',
196 silly addNameRange     '3.2.4',
196 silly addNameRange     '3.2.5',
196 silly addNameRange     '3.3.0',
196 silly addNameRange     '3.3.1',
196 silly addNameRange     '3.3.2',
196 silly addNameRange     '3.3.4',
196 silly addNameRange     '3.4.0',
196 silly addNameRange     '3.5.0',
196 silly addNameRange     '3.5.1',
196 silly addNameRange     '3.5.2',
196 silly addNameRange     '3.5.5',
196 silly addNameRange     '3.5.6',
196 silly addNameRange     '3.6.0',
196 silly addNameRange     '3.6.1',
196 silly addNameRange     '3.6.2',
196 silly addNameRange     '3.7.0',
196 silly addNameRange     '3.8.0',
196 silly addNameRange     '3.8.1',
196 silly addNameRange     '3.8.2',
196 silly addNameRange     '3.8.3',
196 silly addNameRange     '3.8.4',
196 silly addNameRange     '3.8.5',
196 silly addNameRange     '3.8.6',
196 silly addNameRange     '3.8.7',
196 silly addNameRange     '3.8.8',
196 silly addNameRange     '3.8.9',
196 silly addNameRange     '3.8.10' ] ]
197 verbose addNamed [ 'gulp', '3.8.10' ]
198 verbose addNamed [ '3.8.10', '3.8.10' ]
199 silly lockFile f843d0d7-gulp-3-8-10 gulp@3.8.10
200 verbose lock gulp@3.8.10 /Users/jvazquez/.npm/f843d0d7-gulp-3-8-10.lock
201 silly addNameRange number 2 { name: 'gulp-concat',
201 silly addNameRange   range: '>=2.2.0-0 <3.0.0-0',
201 silly addNameRange   hasData: true }
202 silly addNameRange versions [ 'gulp-concat',
202 silly addNameRange   [ '0.0.1',
202 silly addNameRange     '1.0.0',
202 silly addNameRange     '1.1.0',
202 silly addNameRange     '2.0.0',
202 silly addNameRange     '2.1.0',
202 silly addNameRange     '2.1.1',
202 silly addNameRange     '2.1.2',
202 silly addNameRange     '2.1.3',
202 silly addNameRange     '2.1.4',
202 silly addNameRange     '2.1.5',
202 silly addNameRange     '2.1.6',
202 silly addNameRange     '2.1.7',
202 silly addNameRange     '2.2.0',
202 silly addNameRange     '2.3.0',
202 silly addNameRange     '2.3.3',
202 silly addNameRange     '2.3.4',
202 silly addNameRange     '2.3.5',
202 silly addNameRange     '2.4.0',
202 silly addNameRange     '2.4.1',
202 silly addNameRange     '2.4.2',
202 silly addNameRange     '2.4.3' ] ]
203 verbose addNamed [ 'gulp-concat', '2.4.3' ]
204 verbose addNamed [ '2.4.3', '2.4.3' ]
205 silly lockFile 07935a45-gulp-concat-2-4-3 gulp-concat@2.4.3
206 verbose lock gulp-concat@2.4.3 /Users/jvazquez/.npm/07935a45-gulp-concat-2-4-3.lock
207 silly lockFile b3287162-y-npmjs-org-gulp-gulp-3-8-10-tgz https://registry.npmjs.org/gulp/-/gulp-3.8.10.tgz
208 verbose lock https://registry.npmjs.org/gulp/-/gulp-3.8.10.tgz /Users/jvazquez/.npm/b3287162-y-npmjs-org-gulp-gulp-3-8-10-tgz.lock
209 silly lockFile ed610d0c-ulp-concat-gulp-concat-2-4-3-tgz https://registry.npmjs.org/gulp-concat/-/gulp-concat-2.4.3.tgz
210 verbose lock https://registry.npmjs.org/gulp-concat/-/gulp-concat-2.4.3.tgz /Users/jvazquez/.npm/ed610d0c-ulp-concat-gulp-concat-2-4-3-tgz.lock
211 silly addNameRange number 2 { name: 'gulp-sass', range: '>=0.7.1-0 <0.8.0-0', hasData: true }
212 silly addNameRange versions [ 'gulp-sass',
212 silly addNameRange   [ '0.1.0',
212 silly addNameRange     '0.2.1',
212 silly addNameRange     '0.2.2',
212 silly addNameRange     '0.2.3',
212 silly addNameRange     '0.3.0',
212 silly addNameRange     '0.4.0',
212 silly addNameRange     '0.4.1',
212 silly addNameRange     '0.5.0',
212 silly addNameRange     '0.5.1',
212 silly addNameRange     '0.5.2',
212 silly addNameRange     '0.6.0',
212 silly addNameRange     '0.7.0',
212 silly addNameRange     '0.7.1',
212 silly addNameRange     '0.7.2',
212 silly addNameRange     '0.7.3',
212 silly addNameRange     '1.0.0',
212 silly addNameRange     '1.1.0',
212 silly addNameRange     '1.2.0',
212 silly addNameRange     '1.2.1',
212 silly addNameRange     '1.2.2',
212 silly addNameRange     '1.2.3',
212 silly addNameRange     '1.2.4',
212 silly addNameRange     '1.3.0',
212 silly addNameRange     '1.3.1',
212 silly addNameRange     '1.3.2' ] ]
213 verbose addNamed [ 'gulp-sass', '0.7.3' ]
214 verbose addNamed [ '0.7.3', '0.7.3' ]
215 silly lockFile 721f0c96-gulp-sass-0-7-3 gulp-sass@0.7.3
216 verbose lock gulp-sass@0.7.3 /Users/jvazquez/.npm/721f0c96-gulp-sass-0-7-3.lock
217 silly addNameRange number 2 { name: 'shelljs', range: '>=0.3.0-0 <0.4.0-0', hasData: true }
218 silly addNameRange versions [ 'shelljs',
218 silly addNameRange   [ '0.0.1',
218 silly addNameRange     '0.0.2',
218 silly addNameRange     '0.0.3',
218 silly addNameRange     '0.0.4',
218 silly addNameRange     '0.0.5',
218 silly addNameRange     '0.0.6',
218 silly addNameRange     '0.0.7',
218 silly addNameRange     '0.0.8',
218 silly addNameRange     '0.0.9',
218 silly addNameRange     '0.1.0',
218 silly addNameRange     '0.1.1',
218 silly addNameRange     '0.1.2',
218 silly addNameRange     '0.1.3',
218 silly addNameRange     '0.1.4',
218 silly addNameRange     '0.2.0',
218 silly addNameRange     '0.2.1',
218 silly addNameRange     '0.2.2',
218 silly addNameRange     '0.2.3',
218 silly addNameRange     '0.2.4',
218 silly addNameRange     '0.2.5',
218 silly addNameRange     '0.2.6',
218 silly addNameRange     '0.3.0',
218 silly addNameRange     '0.0.1-alpha1',
218 silly addNameRange     '0.0.2-pre1',
218 silly addNameRange     '0.0.4-pre1',
218 silly addNameRange     '0.0.5-pre1',
218 silly addNameRange     '0.0.5-pre2',
218 silly addNameRange     '0.0.5-pre3',
218 silly addNameRange     '0.0.5-pre4',
218 silly addNameRange     '0.0.6-pre1',
218 silly addNameRange     '0.0.6-pre2' ] ]
219 verbose addNamed [ 'shelljs', '0.3.0' ]
220 verbose addNamed [ '0.3.0', '0.3.0' ]
221 silly lockFile 7d3918b1-shelljs-0-3-0 shelljs@0.3.0
222 verbose lock shelljs@0.3.0 /Users/jvazquez/.npm/7d3918b1-shelljs-0-3-0.lock
223 verbose addRemoteTarball [ 'https://registry.npmjs.org/gulp/-/gulp-3.8.10.tgz',
223 verbose addRemoteTarball   'bfb8fc156be97820f02a7f8b3af61a86666f9e31' ]
224 verbose addRemoteTarball [ 'https://registry.npmjs.org/gulp-concat/-/gulp-concat-2.4.3.tgz',
224 verbose addRemoteTarball   'dd913c3773b02f9dfb3f70e30215dc07a5cf32f7' ]
225 silly lockFile d66f14f4-rg-gulp-sass-gulp-sass-0-7-3-tgz https://registry.npmjs.org/gulp-sass/-/gulp-sass-0.7.3.tgz
226 verbose lock https://registry.npmjs.org/gulp-sass/-/gulp-sass-0.7.3.tgz /Users/jvazquez/.npm/d66f14f4-rg-gulp-sass-gulp-sass-0-7-3-tgz.lock
227 info retry fetch attempt 1 at 09:33:29
228 verbose fetch to= /var/folders/86/6qdsts311_lgkwpftmxydbd80000gq/T/npm-15975-lYp5WG3K/registry.npmjs.org/gulp/-/gulp-3.8.10.tgz
229 info retry fetch attempt 1 at 09:33:29
230 verbose fetch to= /var/folders/86/6qdsts311_lgkwpftmxydbd80000gq/T/npm-15975-lYp5WG3K/registry.npmjs.org/gulp-concat/-/gulp-concat-2.4.3.tgz
231 verbose addRemoteTarball [ 'https://registry.npmjs.org/gulp-sass/-/gulp-sass-0.7.3.tgz',
231 verbose addRemoteTarball   '4bfbb4e4d95a40be8beeebe07e8e477e7f7a2edc' ]
232 http GET https://registry.npmjs.org/gulp/-/gulp-3.8.10.tgz
233 http GET https://registry.npmjs.org/gulp-concat/-/gulp-concat-2.4.3.tgz
234 silly lockFile 7d3918b1-shelljs-0-3-0 shelljs@0.3.0
235 silly lockFile 7d3918b1-shelljs-0-3-0 shelljs@0.3.0
236 info retry fetch attempt 1 at 09:33:29
237 verbose fetch to= /var/folders/86/6qdsts311_lgkwpftmxydbd80000gq/T/npm-15975-lYp5WG3K/registry.npmjs.org/gulp-sass/-/gulp-sass-0.7.3.tgz
238 silly lockFile 1ddaa962-shelljs-0-3-0 shelljs@^0.3.0
239 silly lockFile 1ddaa962-shelljs-0-3-0 shelljs@^0.3.0
240 http GET https://registry.npmjs.org/gulp-sass/-/gulp-sass-0.7.3.tgz
241 http 200 https://registry.npmjs.org/bower
242 silly registry.get cb [ 200,
242 silly registry.get   { date: 'Mon, 26 Jan 2015 14:33:30 GMT',
242 silly registry.get     server: 'CouchDB/1.5.0 (Erlang OTP/R16B03)',
242 silly registry.get     etag: '"714E2YM08IL0O5ZOZIX5DI981"',
242 silly registry.get     'content-type': 'application/json',
242 silly registry.get     'cache-control': 'max-age=60',
242 silly registry.get     'content-length': '106121',
242 silly registry.get     'accept-ranges': 'bytes',
242 silly registry.get     via: '1.1 varnish',
242 silly registry.get     age: '33',
242 silly registry.get     'x-served-by': 'cache-iad2144-IAD',
242 silly registry.get     'x-cache': 'HIT',
242 silly registry.get     'x-cache-hits': '1',
242 silly registry.get     'x-timer': 'S1422282810.025524,VS0,VE0',
242 silly registry.get     vary: 'Accept',
242 silly registry.get     'keep-alive': 'timeout=10, max=49',
242 silly registry.get     connection: 'Keep-Alive' } ]
243 silly addNameRange number 2 { name: 'bower', range: '>=1.3.3-0 <2.0.0-0', hasData: true }
244 silly addNameRange versions [ 'bower',
244 silly addNameRange   [ '0.1.0',
244 silly addNameRange     '0.1.2',
244 silly addNameRange     '0.1.3',
244 silly addNameRange     '0.2.0',
244 silly addNameRange     '0.3.0',
244 silly addNameRange     '0.3.1',
244 silly addNameRange     '0.3.2',
244 silly addNameRange     '0.4.0',
244 silly addNameRange     '0.5.0',
244 silly addNameRange     '0.5.1',
244 silly addNameRange     '0.6.0',
244 silly addNameRange     '0.6.1',
244 silly addNameRange     '0.6.2',
244 silly addNameRange     '0.6.3',
244 silly addNameRange     '0.6.4',
244 silly addNameRange     '0.6.5',
244 silly addNameRange     '0.6.6',
244 silly addNameRange     '0.6.7',
244 silly addNameRange     '0.6.8',
244 silly addNameRange     '0.7.0',
244 silly addNameRange     '0.7.1',
244 silly addNameRange     '0.8.0',
244 silly addNameRange     '0.8.1',
244 silly addNameRange     '0.8.2',
244 silly addNameRange     '0.8.3',
244 silly addNameRange     '0.8.4',
244 silly addNameRange     '0.8.5',
244 silly addNameRange     '0.8.6',
244 silly addNameRange     '0.9.0',
244 silly addNameRange     '0.9.1',
244 silly addNameRange     '0.9.2',
244 silly addNameRange     '0.10.0',
244 silly addNameRange     '1.0.0',
244 silly addNameRange     '1.0.1',
244 silly addNameRange     '1.0.2',
244 silly addNameRange     '1.0.3',
244 silly addNameRange     '1.1.0',
244 silly addNameRange     '1.1.1',
244 silly addNameRange     '1.1.2',
244 silly addNameRange     '1.2.0',
244 silly addNameRange     '1.2.1',
244 silly addNameRange     '1.2.2',
244 silly addNameRange     '1.2.3',
244 silly addNameRange     '1.2.4',
244 silly addNameRange     '1.2.5',
244 silly addNameRange     '1.2.6',
244 silly addNameRange     '1.2.7',
244 silly addNameRange     '1.2.8',
244 silly addNameRange     '1.3.0',
244 silly addNameRange     '1.3.1',
244 silly addNameRange     '1.3.2',
244 silly addNameRange     '1.3.3',
244 silly addNameRange     '1.3.4',
244 silly addNameRange     '1.3.5',
244 silly addNameRange     '1.3.6',
244 silly addNameRange     '1.3.7',
244 silly addNameRange     '1.3.8',
244 silly addNameRange     '1.3.9',
244 silly addNameRange     '1.3.10',
244 silly addNameRange     '1.3.11',
244 silly addNameRange     '1.3.12' ] ]
245 verbose addNamed [ 'bower', '1.3.12' ]
246 verbose addNamed [ '1.3.12', '1.3.12' ]
247 silly lockFile 9819431c-bower-1-3-12 bower@1.3.12
248 verbose lock bower@1.3.12 /Users/jvazquez/.npm/9819431c-bower-1-3-12.lock
249 silly lockFile 9819431c-bower-1-3-12 bower@1.3.12
250 silly lockFile 9819431c-bower-1-3-12 bower@1.3.12
251 silly lockFile 0aa5c27e-bower-1-3-3 bower@^1.3.3
252 silly lockFile 0aa5c27e-bower-1-3-3 bower@^1.3.3
253 http 200 https://registry.npmjs.org/gulp-rename
254 silly registry.get cb [ 200,
254 silly registry.get   { date: 'Mon, 26 Jan 2015 14:33:30 GMT',
254 silly registry.get     server: 'CouchDB/1.5.0 (Erlang OTP/R16B03)',
254 silly registry.get     etag: '"A74K1BT6222QOOITQTDDB5O0J"',
254 silly registry.get     'content-type': 'application/json',
254 silly registry.get     'cache-control': 'max-age=60',
254 silly registry.get     'content-length': '9999',
254 silly registry.get     'accept-ranges': 'bytes',
254 silly registry.get     via: '1.1 varnish',
254 silly registry.get     age: '0',
254 silly registry.get     'x-served-by': 'cache-iad2146-IAD',
254 silly registry.get     'x-cache': 'HIT',
254 silly registry.get     'x-cache-hits': '1',
254 silly registry.get     'x-timer': 'S1422282810.087162,VS0,VE82',
254 silly registry.get     vary: 'Accept',
254 silly registry.get     'keep-alive': 'timeout=10, max=49',
254 silly registry.get     connection: 'Keep-Alive' } ]
255 silly addNameRange number 2 { name: 'gulp-rename',
255 silly addNameRange   range: '>=1.2.0-0 <2.0.0-0',
255 silly addNameRange   hasData: true }
256 silly addNameRange versions [ 'gulp-rename',
256 silly addNameRange   [ '0.1.0', '0.2.1', '0.2.2', '1.0.0', '1.1.0', '1.2.0' ] ]
257 verbose addNamed [ 'gulp-rename', '1.2.0' ]
258 verbose addNamed [ '1.2.0', '1.2.0' ]
259 silly lockFile 5981c611-gulp-rename-1-2-0 gulp-rename@1.2.0
260 verbose lock gulp-rename@1.2.0 /Users/jvazquez/.npm/5981c611-gulp-rename-1-2-0.lock
261 silly lockFile 5981c611-gulp-rename-1-2-0 gulp-rename@1.2.0
262 silly lockFile 5981c611-gulp-rename-1-2-0 gulp-rename@1.2.0
263 silly lockFile 31cef36d-gulp-rename-1-2-0 gulp-rename@^1.2.0
264 silly lockFile 31cef36d-gulp-rename-1-2-0 gulp-rename@^1.2.0
265 http 200 https://registry.npmjs.org/gulp-minify-css/-/gulp-minify-css-0.3.13.tgz
266 http 200 https://registry.npmjs.org/gulp-util/-/gulp-util-2.2.20.tgz
267 silly lockFile 34166e88-g-gulp-util-gulp-util-2-2-20-tgz https://registry.npmjs.org/gulp-util/-/gulp-util-2.2.20.tgz
268 silly lockFile 34166e88-g-gulp-util-gulp-util-2-2-20-tgz https://registry.npmjs.org/gulp-util/-/gulp-util-2.2.20.tgz
269 silly lockFile 48c194cb-gulp-util-2-2-20 gulp-util@2.2.20
270 silly lockFile 48c194cb-gulp-util-2-2-20 gulp-util@2.2.20
271 silly lockFile e3e5f16b-gulp-util-2-2-14 gulp-util@^2.2.14
272 silly lockFile e3e5f16b-gulp-util-2-2-14 gulp-util@^2.2.14
273 silly lockFile 8781e9f5-y-css-gulp-minify-css-0-3-13-tgz https://registry.npmjs.org/gulp-minify-css/-/gulp-minify-css-0.3.13.tgz
274 silly lockFile 8781e9f5-y-css-gulp-minify-css-0-3-13-tgz https://registry.npmjs.org/gulp-minify-css/-/gulp-minify-css-0.3.13.tgz
275 silly lockFile 9038a954-gulp-minify-css-0-3-13 gulp-minify-css@0.3.13
276 silly lockFile 9038a954-gulp-minify-css-0-3-13 gulp-minify-css@0.3.13
277 silly lockFile 97140670-gulp-minify-css-0-3-0 gulp-minify-css@^0.3.0
278 silly lockFile 97140670-gulp-minify-css-0-3-0 gulp-minify-css@^0.3.0
279 http 200 https://registry.npmjs.org/gulp-concat/-/gulp-concat-2.4.3.tgz
280 http 200 https://registry.npmjs.org/gulp/-/gulp-3.8.10.tgz
281 http 200 https://registry.npmjs.org/gulp-sass/-/gulp-sass-0.7.3.tgz
282 silly lockFile b3287162-y-npmjs-org-gulp-gulp-3-8-10-tgz https://registry.npmjs.org/gulp/-/gulp-3.8.10.tgz
283 silly lockFile b3287162-y-npmjs-org-gulp-gulp-3-8-10-tgz https://registry.npmjs.org/gulp/-/gulp-3.8.10.tgz
284 silly lockFile f843d0d7-gulp-3-8-10 gulp@3.8.10
285 silly lockFile f843d0d7-gulp-3-8-10 gulp@3.8.10
286 silly lockFile 28ac0b1b-gulp-3-5-6 gulp@^3.5.6
287 silly lockFile 28ac0b1b-gulp-3-5-6 gulp@^3.5.6
288 silly lockFile ed610d0c-ulp-concat-gulp-concat-2-4-3-tgz https://registry.npmjs.org/gulp-concat/-/gulp-concat-2.4.3.tgz
289 silly lockFile ed610d0c-ulp-concat-gulp-concat-2-4-3-tgz https://registry.npmjs.org/gulp-concat/-/gulp-concat-2.4.3.tgz
290 silly lockFile 07935a45-gulp-concat-2-4-3 gulp-concat@2.4.3
291 silly lockFile 07935a45-gulp-concat-2-4-3 gulp-concat@2.4.3
292 silly lockFile bade1119-gulp-concat-2-2-0 gulp-concat@^2.2.0
293 silly lockFile bade1119-gulp-concat-2-2-0 gulp-concat@^2.2.0
294 silly lockFile d66f14f4-rg-gulp-sass-gulp-sass-0-7-3-tgz https://registry.npmjs.org/gulp-sass/-/gulp-sass-0.7.3.tgz
295 silly lockFile d66f14f4-rg-gulp-sass-gulp-sass-0-7-3-tgz https://registry.npmjs.org/gulp-sass/-/gulp-sass-0.7.3.tgz
296 silly lockFile 721f0c96-gulp-sass-0-7-3 gulp-sass@0.7.3
297 silly lockFile 721f0c96-gulp-sass-0-7-3 gulp-sass@0.7.3
298 silly lockFile 77100620-gulp-sass-0-7-1 gulp-sass@^0.7.1
299 silly lockFile 77100620-gulp-sass-0-7-1 gulp-sass@^0.7.1
300 error Error: EACCES, mkdir '/Users/jvazquez/.npm/gulp-util/2.2.20'
300 error  { [Error: EACCES, mkdir '/Users/jvazquez/.npm/gulp-util/2.2.20']
300 error   errno: 3,
300 error   code: 'EACCES',
300 error   path: '/Users/jvazquez/.npm/gulp-util/2.2.20',
300 error   parent: 'todo' }
301 error Please try running this command again as root/Administrator.
302 error System Darwin 14.0.0
303 error command "node" "/usr/local/bin/npm" "install"
304 error cwd /Users/jvazquez/Documents/todo
305 error node -v v0.10.33
306 error npm -v 1.4.28
307 error path /Users/jvazquez/.npm/gulp-util/2.2.20
308 error code EACCES
309 error errno 3
310 error stack Error: EACCES, mkdir '/Users/jvazquez/.npm/gulp-util/2.2.20'
311 verbose exit [ 3, true ]
